<?xml version="1.0" encoding="UTF-8"?>
<testsuite xmlns:xsi="http://www.w3.org/2001/XMLSchema-instance" xsi:noNamespaceSchemaLocation="https://maven.apache.org/surefire/maven-surefire-plugin/xsd/surefire-test-report-3.0.xsd" version="3.0" name="com.mycompany.poe.part1.LoginTest" time="0.164" tests="6" errors="0" skipped="0" failures="0">
  <properties>
[...]
</properties>
  <testcase name="testReturnLoginStatus" classname="com.mycompany.poe.part1.LoginTest" time="0.035">
    <system-out><![CDATA[returnLoginStatus
]]></system-out>
  </testcase>
  <testcase name="testLoginUser" classname="com.mycompany.poe.part1.LoginTest" time="0.008">
    <system-out><![CDATA[loginUser
]]></system-out>
  </testcase>
  <testcase name="testRegisterUser" classname="com.mycompany.poe.part1.LoginTest" time="0.014">
    <system-out><![CDATA[registerUser
]]></system-out>
  </testcase>
  <testcase name="testCheckPasswordComplexity" classname="com.mycompany.poe.part1.LoginTest" time="0.008">
    <system-out><![CDATA[checkPasswordComplexity
]]></system-out>
  </testcase>
  <testcase name="testCheckUserName" classname="com.mycompany.poe.part1.LoginTest" time="0.002">
    <system-out><![CDATA[checkUserName
]]></system-out>
  </testcase>
  <testcase name="testCheckCellPhoneNumber" classname="com.mycompany.poe.part1.LoginTest" time="0.004">
    <system-out><![CDATA[checkCellPhoneNumber
]]></system-out>
  </testcase>
</testsuite>